{"/home/runner/work/migration-paranoid/migration-paranoid/src/scanner.js": {"path":"/home/runner/work/migration-paranoid/migration-paranoid/src/scanner.js","statementMap":{"0":{"start":{"line":2,"column":11},"end":{"line":2,"column":24}},"1":{"start":{"line":3,"column":13},"end":{"line":3,"column":28}},"2":{"start":{"line":6,"column":18},"end":{"line":6,"column":20}},"3":{"start":{"line":10,"column":4},"end":{"line":14,"column":5}},"4":{"start":{"line":11,"column":6},"end":{"line":11,"column":68}},"5":{"start":{"line":13,"column":6},"end":{"line":13,"column":13}},"6":{"start":{"line":16,"column":4},"end":{"line":26,"column":5}},"7":{"start":{"line":17,"column":23},"end":{"line":17,"column":56}},"8":{"start":{"line":18,"column":6},"end":{"line":25,"column":7}},"9":{"start":{"line":19,"column":8},"end":{"line":19,"column":23}},"10":{"start":{"line":20,"column":13},"end":{"line":25,"column":7}},"11":{"start":{"line":21,"column":21},"end":{"line":21,"column":53}},"12":{"start":{"line":22,"column":8},"end":{"line":24,"column":9}},"13":{"start":{"line":23,"column":10},"end":{"line":23,"column":53}},"14":{"start":{"line":29,"column":2},"end":{"line":29,"column":12}},"15":{"start":{"line":30,"column":2},"end":{"line":30,"column":17}},"16":{"start":{"line":34,"column":14},"end":{"line":34,"column":50}},"17":{"start":{"line":35,"column":15},"end":{"line":35,"column":52}},"18":{"start":{"line":37,"column":2},"end":{"line":45,"column":3}},"19":{"start":{"line":38,"column":4},"end":{"line":43,"column":18}},"20":{"start":{"line":39,"column":22},"end":{"line":39,"column":55}},"21":{"start":{"line":40,"column":6},"end":{"line":42,"column":7}},"22":{"start":{"line":41,"column":8},"end":{"line":41,"column":24}},"23":{"start":{"line":44,"column":4},"end":{"line":44,"column":16}},"24":{"start":{"line":47,"column":2},"end":{"line":56,"column":3}},"25":{"start":{"line":48,"column":4},"end":{"line":50,"column":5}},"26":{"start":{"line":49,"column":6},"end":{"line":49,"column":21}},"27":{"start":{"line":51,"column":20},"end":{"line":51,"column":56}},"28":{"start":{"line":52,"column":4},"end":{"line":54,"column":5}},"29":{"start":{"line":53,"column":6},"end":{"line":53,"column":21}},"30":{"start":{"line":55,"column":4},"end":{"line":55,"column":16}},"31":{"start":{"line":58,"column":2},"end":{"line":63,"column":3}},"32":{"start":{"line":59,"column":4},"end":{"line":61,"column":5}},"33":{"start":{"line":60,"column":6},"end":{"line":60,"column":22}},"34":{"start":{"line":62,"column":4},"end":{"line":62,"column":17}},"35":{"start":{"line":65,"column":2},"end":{"line":73,"column":3}},"36":{"start":{"line":66,"column":4},"end":{"line":71,"column":18}},"37":{"start":{"line":67,"column":22},"end":{"line":67,"column":55}},"38":{"start":{"line":68,"column":6},"end":{"line":70,"column":7}},"39":{"start":{"line":69,"column":8},"end":{"line":69,"column":27}},"40":{"start":{"line":72,"column":4},"end":{"line":72,"column":16}},"41":{"start":{"line":75,"column":2},"end":{"line":75,"column":14}},"42":{"start":{"line":78,"column":0},"end":{"line":78,"column":47}}},"fnMap":{"0":{"name":"scanDirectory","decl":{"start":{"line":5,"column":9},"end":{"line":5,"column":22}},"loc":{"start":{"line":5,"column":28},"end":{"line":31,"column":1}},"line":5},"1":{"name":"walk","decl":{"start":{"line":8,"column":11},"end":{"line":8,"column":15}},"loc":{"start":{"line":8,"column":28},"end":{"line":27,"column":3}},"line":8},"2":{"name":"detectType","decl":{"start":{"line":33,"column":9},"end":{"line":33,"column":19}},"loc":{"start":{"line":33,"column":40},"end":{"line":76,"column":1}},"line":33}},"branchMap":{"0":{"loc":{"start":{"line":18,"column":6},"end":{"line":25,"column":7}},"type":"if","locations":[{"start":{"line":18,"column":6},"end":{"line":25,"column":7}},{"start":{"line":20,"column":13},"end":{"line":25,"column":7}}],"line":18},"1":{"loc":{"start":{"line":20,"column":13},"end":{"line":25,"column":7}},"type":"if","locations":[{"start":{"line":20,"column":13},"end":{"line":25,"column":7}},{"start":{},"end":{}}],"line":20},"2":{"loc":{"start":{"line":22,"column":8},"end":{"line":24,"column":9}},"type":"if","locations":[{"start":{"line":22,"column":8},"end":{"line":24,"column":9}},{"start":{},"end":{}}],"line":22},"3":{"loc":{"start":{"line":37,"column":2},"end":{"line":45,"column":3}},"type":"if","locations":[{"start":{"line":37,"column":2},"end":{"line":45,"column":3}},{"start":{},"end":{}}],"line":37},"4":{"loc":{"start":{"line":40,"column":6},"end":{"line":42,"column":7}},"type":"if","locations":[{"start":{"line":40,"column":6},"end":{"line":42,"column":7}},{"start":{},"end":{}}],"line":40},"5":{"loc":{"start":{"line":47,"column":2},"end":{"line":56,"column":3}},"type":"if","locations":[{"start":{"line":47,"column":2},"end":{"line":56,"column":3}},{"start":{},"end":{}}],"line":47},"6":{"loc":{"start":{"line":48,"column":4},"end":{"line":50,"column":5}},"type":"if","locations":[{"start":{"line":48,"column":4},"end":{"line":50,"column":5}},{"start":{},"end":{}}],"line":48},"7":{"loc":{"start":{"line":52,"column":4},"end":{"line":54,"column":5}},"type":"if","locations":[{"start":{"line":52,"column":4},"end":{"line":54,"column":5}},{"start":{},"end":{}}],"line":52},"8":{"loc":{"start":{"line":58,"column":2},"end":{"line":63,"column":3}},"type":"if","locations":[{"start":{"line":58,"column":2},"end":{"line":63,"column":3}},{"start":{},"end":{}}],"line":58},"9":{"loc":{"start":{"line":59,"column":4},"end":{"line":61,"column":5}},"type":"if","locations":[{"start":{"line":59,"column":4},"end":{"line":61,"column":5}},{"start":{},"end":{}}],"line":59},"10":{"loc":{"start":{"line":65,"column":2},"end":{"line":73,"column":3}},"type":"if","locations":[{"start":{"line":65,"column":2},"end":{"line":73,"column":3}},{"start":{},"end":{}}],"line":65},"11":{"loc":{"start":{"line":65,"column":6},"end":{"line":65,"column":57}},"type":"binary-expr","locations":[{"start":{"line":65,"column":6},"end":{"line":65,"column":20}},{"start":{"line":65,"column":24},"end":{"line":65,"column":39}},{"start":{"line":65,"column":43},"end":{"line":65,"column":57}}],"line":65},"12":{"loc":{"start":{"line":68,"column":6},"end":{"line":70,"column":7}},"type":"if","locations":[{"start":{"line":68,"column":6},"end":{"line":70,"column":7}},{"start":{},"end":{}}],"line":68}},"s":{"0":1,"1":1,"2":6,"3":8,"4":8,"5":0,"6":8,"7":7,"8":7,"9":2,"10":5,"11":5,"12":5,"13":4,"14":6,"15":6,"16":5,"17":5,"18":5,"19":2,"20":2,"21":2,"22":1,"23":1,"24":3,"25":1,"26":1,"27":0,"28":0,"29":0,"30":0,"31":2,"32":2,"33":0,"34":2,"35":0,"36":0,"37":0,"38":0,"39":0,"40":0,"41":0,"42":1},"f":{"0":6,"1":8,"2":5},"b":{"0":[2,5],"1":[5,0],"2":[4,1],"3":[2,3],"4":[1,1],"5":[1,2],"6":[1,0],"7":[0,0],"8":[2,0],"9":[0,2],"10":[0,0],"11":[0,0,0],"12":[0,0]},"_coverageSchema":"1a1c01bbd47fc00a2c39e90264f33305004495a9","hash":"24e0f7c4e6fd17f13bc6abb2714b21da2fed1f62"}
,"/home/runner/work/migration-paranoid/migration-paranoid/src/analyzers/django.js": {"path":"/home/runner/work/migration-paranoid/migration-paranoid/src/analyzers/django.js","statementMap":{"0":{"start":{"line":2,"column":14},"end":{"line":2,"column":46}},"1":{"start":{"line":5,"column":19},"end":{"line":5,"column":21}},"2":{"start":{"line":6,"column":16},"end":{"line":6,"column":35}},"3":{"start":{"line":8,"column":2},"end":{"line":32,"column":3}},"4":{"start":{"line":9,"column":4},"end":{"line":31,"column":5}},"5":{"start":{"line":9,"column":17},"end":{"line":9,"column":18}},"6":{"start":{"line":10,"column":19},"end":{"line":10,"column":27}},"7":{"start":{"line":11,"column":6},"end":{"line":11,"column":49}},"8":{"start":{"line":11,"column":40},"end":{"line":11,"column":49}},"9":{"start":{"line":14,"column":24},"end":{"line":14,"column":53}},"10":{"start":{"line":15,"column":30},"end":{"line":15,"column":65}},"11":{"start":{"line":17,"column":22},"end":{"line":19,"column":14}},"12":{"start":{"line":21,"column":6},"end":{"line":30,"column":7}},"13":{"start":{"line":22,"column":8},"end":{"line":29,"column":11}},"14":{"start":{"line":34,"column":2},"end":{"line":34,"column":18}},"15":{"start":{"line":37,"column":0},"end":{"line":37,"column":29}}},"fnMap":{"0":{"name":"analyze","decl":{"start":{"line":4,"column":9},"end":{"line":4,"column":16}},"loc":{"start":{"line":4,"column":36},"end":{"line":35,"column":1}},"line":4}},"branchMap":{"0":{"loc":{"start":{"line":11,"column":6},"end":{"line":11,"column":49}},"type":"if","locations":[{"start":{"line":11,"column":6},"end":{"line":11,"column":49}},{"start":{},"end":{}}],"line":11},"1":{"loc":{"start":{"line":17,"column":22},"end":{"line":19,"column":14}},"type":"cond-expr","locations":[{"start":{"line":18,"column":10},"end":{"line":18,"column":45}},{"start":{"line":19,"column":10},"end":{"line":19,"column":14}}],"line":17},"2":{"loc":{"start":{"line":21,"column":6},"end":{"line":30,"column":7}},"type":"if","locations":[{"start":{"line":21,"column":6},"end":{"line":30,"column":7}},{"start":{},"end":{}}],"line":21}},"s":{"0":1,"1":9,"2":9,"3":9,"4":63,"5":63,"6":259,"7":259,"8":251,"9":8,"10":8,"11":8,"12":8,"13":7,"14":9,"15":1},"f":{"0":9},"b":{"0":[251,8],"1":[3,5],"2":[7,1]},"_coverageSchema":"1a1c01bbd47fc00a2c39e90264f33305004495a9","hash":"d6323454dc86cd80d3dcc7732000672c4569b34e"}
,"/home/runner/work/migration-paranoid/migration-paranoid/src/analyzers/prisma.js": {"path":"/home/runner/work/migration-paranoid/migration-paranoid/src/analyzers/prisma.js","statementMap":{"0":{"start":{"line":2,"column":32},"end":{"line":2,"column":48}},"1":{"start":{"line":5,"column":2},"end":{"line":5,"column":39}},"2":{"start":{"line":8,"column":0},"end":{"line":8,"column":29}}},"fnMap":{"0":{"name":"analyze","decl":{"start":{"line":4,"column":9},"end":{"line":4,"column":16}},"loc":{"start":{"line":4,"column":36},"end":{"line":6,"column":1}},"line":4}},"branchMap":{},"s":{"0":1,"1":3,"2":1},"f":{"0":3},"b":{},"_coverageSchema":"1a1c01bbd47fc00a2c39e90264f33305004495a9","hash":"2ed7bc0134be672ed75f2354848e1323ec182b9b"}
,"/home/runner/work/migration-paranoid/migration-paranoid/src/analyzers/rails.js": {"path":"/home/runner/work/migration-paranoid/migration-paranoid/src/analyzers/rails.js","statementMap":{"0":{"start":{"line":2,"column":14},"end":{"line":2,"column":45}},"1":{"start":{"line":5,"column":19},"end":{"line":5,"column":21}},"2":{"start":{"line":6,"column":16},"end":{"line":6,"column":35}},"3":{"start":{"line":8,"column":2},"end":{"line":32,"column":3}},"4":{"start":{"line":9,"column":4},"end":{"line":31,"column":5}},"5":{"start":{"line":9,"column":17},"end":{"line":9,"column":18}},"6":{"start":{"line":10,"column":19},"end":{"line":10,"column":27}},"7":{"start":{"line":11,"column":6},"end":{"line":11,"column":49}},"8":{"start":{"line":11,"column":40},"end":{"line":11,"column":49}},"9":{"start":{"line":14,"column":24},"end":{"line":14,"column":53}},"10":{"start":{"line":15,"column":30},"end":{"line":15,"column":65}},"11":{"start":{"line":17,"column":22},"end":{"line":19,"column":14}},"12":{"start":{"line":21,"column":6},"end":{"line":30,"column":7}},"13":{"start":{"line":22,"column":8},"end":{"line":29,"column":11}},"14":{"start":{"line":34,"column":2},"end":{"line":34,"column":18}},"15":{"start":{"line":37,"column":0},"end":{"line":37,"column":29}}},"fnMap":{"0":{"name":"analyze","decl":{"start":{"line":4,"column":9},"end":{"line":4,"column":16}},"loc":{"start":{"line":4,"column":36},"end":{"line":35,"column":1}},"line":4}},"branchMap":{"0":{"loc":{"start":{"line":11,"column":6},"end":{"line":11,"column":49}},"type":"if","locations":[{"start":{"line":11,"column":6},"end":{"line":11,"column":49}},{"start":{},"end":{}}],"line":11},"1":{"loc":{"start":{"line":17,"column":22},"end":{"line":19,"column":14}},"type":"cond-expr","locations":[{"start":{"line":18,"column":10},"end":{"line":18,"column":45}},{"start":{"line":19,"column":10},"end":{"line":19,"column":14}}],"line":17},"2":{"loc":{"start":{"line":21,"column":6},"end":{"line":30,"column":7}},"type":"if","locations":[{"start":{"line":21,"column":6},"end":{"line":30,"column":7}},{"start":{},"end":{}}],"line":21}},"s":{"0":1,"1":10,"2":10,"3":10,"4":80,"5":80,"6":136,"7":136,"8":127,"9":9,"10":9,"11":9,"12":9,"13":7,"14":10,"15":1},"f":{"0":10},"b":{"0":[127,9],"1":[4,5],"2":[7,2]},"_coverageSchema":"1a1c01bbd47fc00a2c39e90264f33305004495a9","hash":"b285a8ddfe4c42db5757360834b76f1e75de126e"}
,"/home/runner/work/migration-paranoid/migration-paranoid/src/analyzers/sql.js": {"path":"/home/runner/work/migration-paranoid/migration-paranoid/src/analyzers/sql.js","statementMap":{"0":{"start":{"line":2,"column":14},"end":{"line":2,"column":43}},"1":{"start":{"line":5,"column":19},"end":{"line":5,"column":21}},"2":{"start":{"line":6,"column":16},"end":{"line":6,"column":35}},"3":{"start":{"line":8,"column":2},"end":{"line":32,"column":3}},"4":{"start":{"line":9,"column":4},"end":{"line":31,"column":5}},"5":{"start":{"line":9,"column":17},"end":{"line":9,"column":18}},"6":{"start":{"line":10,"column":19},"end":{"line":10,"column":27}},"7":{"start":{"line":11,"column":6},"end":{"line":11,"column":49}},"8":{"start":{"line":11,"column":40},"end":{"line":11,"column":49}},"9":{"start":{"line":14,"column":24},"end":{"line":14,"column":53}},"10":{"start":{"line":15,"column":30},"end":{"line":15,"column":65}},"11":{"start":{"line":17,"column":22},"end":{"line":19,"column":14}},"12":{"start":{"line":21,"column":6},"end":{"line":30,"column":7}},"13":{"start":{"line":22,"column":8},"end":{"line":29,"column":11}},"14":{"start":{"line":34,"column":2},"end":{"line":34,"column":18}},"15":{"start":{"line":37,"column":0},"end":{"line":37,"column":29}}},"fnMap":{"0":{"name":"analyze","decl":{"start":{"line":4,"column":9},"end":{"line":4,"column":16}},"loc":{"start":{"line":4,"column":36},"end":{"line":35,"column":1}},"line":4}},"branchMap":{"0":{"loc":{"start":{"line":11,"column":6},"end":{"line":11,"column":49}},"type":"if","locations":[{"start":{"line":11,"column":6},"end":{"line":11,"column":49}},{"start":{},"end":{}}],"line":11},"1":{"loc":{"start":{"line":17,"column":22},"end":{"line":19,"column":14}},"type":"cond-expr","locations":[{"start":{"line":18,"column":10},"end":{"line":18,"column":45}},{"start":{"line":19,"column":10},"end":{"line":19,"column":14}}],"line":17},"2":{"loc":{"start":{"line":21,"column":6},"end":{"line":30,"column":7}},"type":"if","locations":[{"start":{"line":21,"column":6},"end":{"line":30,"column":7}},{"start":{},"end":{}}],"line":21}},"s":{"0":2,"1":18,"2":18,"3":18,"4":216,"5":216,"6":264,"7":264,"8":248,"9":16,"10":16,"11":16,"12":16,"13":13,"14":18,"15":2},"f":{"0":18},"b":{"0":[248,16],"1":[7,9],"2":[13,3]},"_coverageSchema":"1a1c01bbd47fc00a2c39e90264f33305004495a9","hash":"3bd736bd1ecf9dbc0345d444f3755a417a77e9b7"}
,"/home/runner/work/migration-paranoid/migration-paranoid/src/rules/django-rules.js": {"path":"/home/runner/work/migration-paranoid/migration-paranoid/src/rules/django-rules.js","statementMap":{"0":{"start":{"line":3,"column":14},"end":{"line":72,"column":1}},"1":{"start":{"line":9,"column":6},"end":{"line":11,"column":41}},"2":{"start":{"line":65,"column":6},"end":{"line":65,"column":75}},"3":{"start":{"line":74,"column":0},"end":{"line":74,"column":23}}},"fnMap":{"0":{"name":"(anonymous_0)","decl":{"start":{"line":8,"column":4},"end":{"line":8,"column":5}},"loc":{"start":{"line":8,"column":26},"end":{"line":12,"column":5}},"line":8},"1":{"name":"(anonymous_1)","decl":{"start":{"line":64,"column":4},"end":{"line":64,"column":5}},"loc":{"start":{"line":64,"column":26},"end":{"line":66,"column":5}},"line":64}},"branchMap":{"0":{"loc":{"start":{"line":9,"column":13},"end":{"line":11,"column":40}},"type":"binary-expr","locations":[{"start":{"line":9,"column":13},"end":{"line":9,"column":34}},{"start":{"line":10,"column":13},"end":{"line":10,"column":44}},{"start":{"line":11,"column":13},"end":{"line":11,"column":40}}],"line":9},"1":{"loc":{"start":{"line":65,"column":13},"end":{"line":65,"column":74}},"type":"binary-expr","locations":[{"start":{"line":65,"column":13},"end":{"line":65,"column":39}},{"start":{"line":65,"column":43},"end":{"line":65,"column":74}}],"line":65}},"s":{"0":1,"1":2,"2":1,"3":1},"f":{"0":2,"1":1},"b":{"0":[2,2,2],"1":[1,1]},"_coverageSchema":"1a1c01bbd47fc00a2c39e90264f33305004495a9","hash":"eabc7fff9117ccba5e94209676d3ea9023c5892a"}
,"/home/runner/work/migration-paranoid/migration-paranoid/src/rules/rails-rules.js": {"path":"/home/runner/work/migration-paranoid/migration-paranoid/src/rules/rails-rules.js","statementMap":{"0":{"start":{"line":3,"column":14},"end":{"line":81,"column":1}},"1":{"start":{"line":9,"column":6},"end":{"line":11,"column":39}},"2":{"start":{"line":65,"column":6},"end":{"line":66,"column":57}},"3":{"start":{"line":83,"column":0},"end":{"line":83,"column":23}}},"fnMap":{"0":{"name":"(anonymous_0)","decl":{"start":{"line":8,"column":4},"end":{"line":8,"column":5}},"loc":{"start":{"line":8,"column":26},"end":{"line":12,"column":5}},"line":8},"1":{"name":"(anonymous_1)","decl":{"start":{"line":64,"column":4},"end":{"line":64,"column":5}},"loc":{"start":{"line":64,"column":26},"end":{"line":67,"column":5}},"line":64}},"branchMap":{"0":{"loc":{"start":{"line":9,"column":13},"end":{"line":11,"column":38}},"type":"binary-expr","locations":[{"start":{"line":9,"column":13},"end":{"line":9,"column":41}},{"start":{"line":10,"column":13},"end":{"line":10,"column":42}},{"start":{"line":11,"column":13},"end":{"line":11,"column":38}}],"line":9},"1":{"loc":{"start":{"line":65,"column":13},"end":{"line":66,"column":56}},"type":"binary-expr","locations":[{"start":{"line":65,"column":13},"end":{"line":65,"column":40}},{"start":{"line":66,"column":13},"end":{"line":66,"column":56}}],"line":65}},"s":{"0":1,"1":2,"2":2,"3":1},"f":{"0":2,"1":2},"b":{"0":[2,2,2],"1":[2,2]},"_coverageSchema":"1a1c01bbd47fc00a2c39e90264f33305004495a9","hash":"5de642692e367b7f50242fe4f4f7ce95054797a2"}
,"/home/runner/work/migration-paranoid/migration-paranoid/src/rules/sql-rules.js": {"path":"/home/runner/work/migration-paranoid/migration-paranoid/src/rules/sql-rules.js","statementMap":{"0":{"start":{"line":3,"column":14},"end":{"line":124,"column":1}},"1":{"start":{"line":19,"column":6},"end":{"line":21,"column":38}},"2":{"start":{"line":33,"column":6},"end":{"line":33,"column":90}},"3":{"start":{"line":72,"column":6},"end":{"line":72,"column":67}},"4":{"start":{"line":126,"column":0},"end":{"line":126,"column":23}}},"fnMap":{"0":{"name":"(anonymous_0)","decl":{"start":{"line":18,"column":4},"end":{"line":18,"column":5}},"loc":{"start":{"line":18,"column":26},"end":{"line":22,"column":5}},"line":18},"1":{"name":"(anonymous_1)","decl":{"start":{"line":32,"column":4},"end":{"line":32,"column":5}},"loc":{"start":{"line":32,"column":26},"end":{"line":34,"column":5}},"line":32},"2":{"name":"(anonymous_2)","decl":{"start":{"line":71,"column":4},"end":{"line":71,"column":5}},"loc":{"start":{"line":71,"column":26},"end":{"line":73,"column":5}},"line":71}},"branchMap":{"0":{"loc":{"start":{"line":19,"column":13},"end":{"line":21,"column":37}},"type":"binary-expr","locations":[{"start":{"line":19,"column":13},"end":{"line":19,"column":39}},{"start":{"line":20,"column":13},"end":{"line":20,"column":39}},{"start":{"line":21,"column":13},"end":{"line":21,"column":37}}],"line":19},"1":{"loc":{"start":{"line":33,"column":13},"end":{"line":33,"column":89}},"type":"binary-expr","locations":[{"start":{"line":33,"column":13},"end":{"line":33,"column":41}},{"start":{"line":33,"column":45},"end":{"line":33,"column":89}}],"line":33},"2":{"loc":{"start":{"line":72,"column":13},"end":{"line":72,"column":66}},"type":"binary-expr","locations":[{"start":{"line":72,"column":13},"end":{"line":72,"column":40}},{"start":{"line":72,"column":44},"end":{"line":72,"column":66}}],"line":72}},"s":{"0":2,"1":2,"2":3,"3":2,"4":2},"f":{"0":2,"1":3,"2":2},"b":{"0":[2,2,2],"1":[3,3],"2":[2,2]},"_coverageSchema":"1a1c01bbd47fc00a2c39e90264f33305004495a9","hash":"8864a8d60d7d3aadba30028379d9e097dae0a930"}
}
