TN:
SF:src/scanner.js
FN:5,scanDirectory
FN:8,walk
FN:33,detectType
FNF:3
FNH:3
FNDA:6,scanDirectory
FNDA:8,walk
FNDA:5,detectType
DA:2,1
DA:3,1
DA:6,6
DA:10,8
DA:11,8
DA:13,0
DA:16,8
DA:17,7
DA:18,7
DA:19,2
DA:20,5
DA:21,5
DA:22,5
DA:23,4
DA:29,6
DA:30,6
DA:34,5
DA:35,5
DA:37,5
DA:38,2
DA:39,2
DA:40,2
DA:41,1
DA:44,1
DA:47,3
DA:48,1
DA:49,1
DA:51,0
DA:52,0
DA:53,0
DA:55,0
DA:58,2
DA:59,2
DA:60,0
DA:62,2
DA:65,0
DA:66,0
DA:67,0
DA:68,0
DA:69,0
DA:72,0
DA:75,0
DA:78,1
LF:43
LH:30
BRDA:18,0,0,2
BRDA:18,0,1,5
BRDA:20,1,0,5
BRDA:20,1,1,0
BRDA:22,2,0,4
BRDA:22,2,1,1
BRDA:37,3,0,2
BRDA:37,3,1,3
BRDA:40,4,0,1
BRDA:40,4,1,1
BRDA:47,5,0,1
BRDA:47,5,1,2
BRDA:48,6,0,1
BRDA:48,6,1,0
BRDA:52,7,0,0
BRDA:52,7,1,0
BRDA:58,8,0,2
BRDA:58,8,1,0
BRDA:59,9,0,0
BRDA:59,9,1,2
BRDA:65,10,0,0
BRDA:65,10,1,0
BRDA:65,11,0,0
BRDA:65,11,1,0
BRDA:65,11,2,0
BRDA:68,12,0,0
BRDA:68,12,1,0
BRF:27
BRH:14
end_of_record
TN:
SF:src/analyzers/django.js
FN:4,analyze
FNF:1
FNH:1
FNDA:9,analyze
DA:2,1
DA:5,9
DA:6,9
DA:8,9
DA:9,63
DA:10,259
DA:11,259
DA:14,8
DA:15,8
DA:17,8
DA:21,8
DA:22,7
DA:34,9
DA:37,1
LF:14
LH:14
BRDA:11,0,0,251
BRDA:11,0,1,8
BRDA:17,1,0,3
BRDA:17,1,1,5
BRDA:21,2,0,7
BRDA:21,2,1,1
BRF:6
BRH:6
end_of_record
TN:
SF:src/analyzers/prisma.js
FN:4,analyze
FNF:1
FNH:1
FNDA:3,analyze
DA:2,1
DA:5,3
DA:8,1
LF:3
LH:3
BRF:0
BRH:0
end_of_record
TN:
SF:src/analyzers/rails.js
FN:4,analyze
FNF:1
FNH:1
FNDA:10,analyze
DA:2,1
DA:5,10
DA:6,10
DA:8,10
DA:9,80
DA:10,136
DA:11,136
DA:14,9
DA:15,9
DA:17,9
DA:21,9
DA:22,7
DA:34,10
DA:37,1
LF:14
LH:14
BRDA:11,0,0,127
BRDA:11,0,1,9
BRDA:17,1,0,4
BRDA:17,1,1,5
BRDA:21,2,0,7
BRDA:21,2,1,2
BRF:6
BRH:6
end_of_record
TN:
SF:src/analyzers/sql.js
FN:4,analyze
FNF:1
FNH:1
FNDA:18,analyze
DA:2,2
DA:5,18
DA:6,18
DA:8,18
DA:9,216
DA:10,264
DA:11,264
DA:14,16
DA:15,16
DA:17,16
DA:21,16
DA:22,13
DA:34,18
DA:37,2
LF:14
LH:14
BRDA:11,0,0,248
BRDA:11,0,1,16
BRDA:17,1,0,7
BRDA:17,1,1,9
BRDA:21,2,0,13
BRDA:21,2,1,3
BRF:6
BRH:6
end_of_record
TN:
SF:src/rules/django-rules.js
FN:8,(anonymous_0)
FN:64,(anonymous_1)
FNF:2
FNH:2
FNDA:2,(anonymous_0)
FNDA:1,(anonymous_1)
DA:3,1
DA:9,2
DA:65,1
DA:74,1
LF:4
LH:4
BRDA:9,0,0,2
BRDA:9,0,1,2
BRDA:9,0,2,2
BRDA:65,1,0,1
BRDA:65,1,1,1
BRF:5
BRH:5
end_of_record
TN:
SF:src/rules/rails-rules.js
FN:8,(anonymous_0)
FN:64,(anonymous_1)
FNF:2
FNH:2
FNDA:2,(anonymous_0)
FNDA:2,(anonymous_1)
DA:3,1
DA:9,2
DA:65,2
DA:83,1
LF:4
LH:4
BRDA:9,0,0,2
BRDA:9,0,1,2
BRDA:9,0,2,2
BRDA:65,1,0,2
BRDA:65,1,1,2
BRF:5
BRH:5
end_of_record
TN:
SF:src/rules/sql-rules.js
FN:18,(anonymous_0)
FN:32,(anonymous_1)
FN:71,(anonymous_2)
FNF:3
FNH:3
FNDA:2,(anonymous_0)
FNDA:3,(anonymous_1)
FNDA:2,(anonymous_2)
DA:3,2
DA:19,2
DA:33,3
DA:72,2
DA:126,2
LF:5
LH:5
BRDA:19,0,0,2
BRDA:19,0,1,2
BRDA:19,0,2,2
BRDA:33,1,0,3
BRDA:33,1,1,3
BRDA:72,2,0,2
BRDA:72,2,1,2
BRF:7
BRH:7
end_of_record
